000 (1014816.000.000) 05/08 15:54:39 Job submitted from host: <192.168.1.254:35795>
...
000 (1014817.000.000) 05/08 15:54:41 Job submitted from host: <192.168.1.254:35795>
...
000 (1014818.000.000) 05/08 15:54:44 Job submitted from host: <192.168.1.254:35795>
...
013 (1014816.000.000) 05/08 15:54:44 Job was released.
	via condor_release (by user condor)
...
000 (1014819.000.000) 05/08 15:54:47 Job submitted from host: <192.168.1.254:35795>
...
000 (1014820.000.000) 05/08 15:54:50 Job submitted from host: <192.168.1.254:35795>
...
001 (1014816.000.000) 05/08 15:55:09 Job executing on host: <192.168.1.219:42259>
...
Job start: host=twqcd218, JOB_ID=1014816, GPU_ID=0, wdir=/home/cuda2025/B11901123/homeworks/HW1
005 (1014816.000.000) 05/08 15:55:11 Job terminated.
	(1) Normal termination (return value 0)
		Usr 0 00:00:01, Sys 0 00:00:00  -  Run Remote Usage
		Usr 0 00:00:00, Sys 0 00:00:00  -  Run Local Usage
		Usr 0 00:00:01, Sys 0 00:00:00  -  Total Remote Usage
		Usr 0 00:00:00, Sys 0 00:00:00  -  Total Local Usage
	0  -  Run Bytes Sent By Job
	0  -  Run Bytes Received By Job
	0  -  Total Bytes Sent By Job
	0  -  Total Bytes Received By Job
...
013 (1014817.000.000) 05/08 15:55:16 Job was released.
	via condor_release (by user condor)
...
001 (1014817.000.000) 05/08 15:55:31 Job executing on host: <192.168.1.219:42259>
...
Job start: host=twqcd218, JOB_ID=1014817, GPU_ID=0, wdir=/home/cuda2025/B11901123/homeworks/HW1
005 (1014817.000.000) 05/08 15:55:33 Job terminated.
	(1) Normal termination (return value 0)
		Usr 0 00:00:00, Sys 0 00:00:00  -  Run Remote Usage
		Usr 0 00:00:00, Sys 0 00:00:00  -  Run Local Usage
		Usr 0 00:00:00, Sys 0 00:00:00  -  Total Remote Usage
		Usr 0 00:00:00, Sys 0 00:00:00  -  Total Local Usage
	0  -  Run Bytes Sent By Job
	0  -  Run Bytes Received By Job
	0  -  Total Bytes Sent By Job
	0  -  Total Bytes Received By Job
...
013 (1014818.000.000) 05/08 15:55:36 Job was released.
	via condor_release (by user condor)
...
001 (1014818.000.000) 05/08 15:55:54 Job executing on host: <192.168.1.219:42259>
...
Job start: host=twqcd218, JOB_ID=1014818, GPU_ID=0, wdir=/home/cuda2025/B11901123/homeworks/HW1
005 (1014818.000.000) 05/08 15:55:56 Job terminated.
	(1) Normal termination (return value 0)
		Usr 0 00:00:00, Sys 0 00:00:00  -  Run Remote Usage
		Usr 0 00:00:00, Sys 0 00:00:00  -  Run Local Usage
		Usr 0 00:00:00, Sys 0 00:00:00  -  Total Remote Usage
		Usr 0 00:00:00, Sys 0 00:00:00  -  Total Local Usage
	0  -  Run Bytes Sent By Job
	0  -  Run Bytes Received By Job
	0  -  Total Bytes Sent By Job
	0  -  Total Bytes Received By Job
...
013 (1014819.000.000) 05/08 15:55:57 Job was released.
	via condor_release (by user condor)
...
001 (1014819.000.000) 05/08 15:56:16 Job executing on host: <192.168.1.219:42259>
...
Job start: host=twqcd218, JOB_ID=1014819, GPU_ID=0, wdir=/home/cuda2025/B11901123/homeworks/HW1
013 (1014820.000.000) 05/08 15:56:18 Job was released.
	via condor_release (by user condor)
...
005 (1014819.000.000) 05/08 15:56:19 Job terminated.
	(1) Normal termination (return value 0)
		Usr 0 00:00:00, Sys 0 00:00:00  -  Run Remote Usage
		Usr 0 00:00:00, Sys 0 00:00:00  -  Run Local Usage
		Usr 0 00:00:00, Sys 0 00:00:00  -  Total Remote Usage
		Usr 0 00:00:00, Sys 0 00:00:00  -  Total Local Usage
	0  -  Run Bytes Sent By Job
	0  -  Run Bytes Received By Job
	0  -  Total Bytes Sent By Job
	0  -  Total Bytes Received By Job
...
001 (1014820.000.000) 05/08 15:56:19 Job executing on host: <192.168.1.219:42259>
...
Job start: host=twqcd218, JOB_ID=1014820, GPU_ID=0, wdir=/home/cuda2025/B11901123/homeworks/HW1
005 (1014820.000.000) 05/08 15:56:22 Job terminated.
	(1) Normal termination (return value 0)
		Usr 0 00:00:00, Sys 0 00:00:00  -  Run Remote Usage
		Usr 0 00:00:00, Sys 0 00:00:00  -  Run Local Usage
		Usr 0 00:00:00, Sys 0 00:00:00  -  Total Remote Usage
		Usr 0 00:00:00, Sys 0 00:00:00  -  Total Local Usage
	0  -  Run Bytes Sent By Job
	0  -  Run Bytes Received By Job
	0  -  Total Bytes Sent By Job
	0  -  Total Bytes Received By Job
...
000 (1015083.000.000) 05/10 21:38:57 Job submitted from host: <192.168.1.254:35795>
...
013 (1015083.000.000) 05/10 21:39:07 Job was released.
	via condor_release (by user condor)
...
001 (1015083.000.000) 05/10 21:39:19 Job executing on host: <192.168.1.219:42259>
...
Job start: host=twqcd218, JOB_ID=1015083, GPU_ID=0, wdir=/home/cuda2025/B11901123/homeworks/HW1
005 (1015083.000.000) 05/10 21:39:22 Job terminated.
	(1) Normal termination (return value 0)
		Usr 0 00:00:00, Sys 0 00:00:00  -  Run Remote Usage
		Usr 0 00:00:00, Sys 0 00:00:00  -  Run Local Usage
		Usr 0 00:00:00, Sys 0 00:00:00  -  Total Remote Usage
		Usr 0 00:00:00, Sys 0 00:00:00  -  Total Local Usage
	0  -  Run Bytes Sent By Job
	0  -  Run Bytes Received By Job
	0  -  Total Bytes Sent By Job
	0  -  Total Bytes Received By Job
...
000 (1015091.000.000) 05/10 21:58:17 Job submitted from host: <192.168.1.254:35795>
...
013 (1015091.000.000) 05/10 21:58:25 Job was released.
	via condor_release (by user condor)
...
001 (1015091.000.000) 05/10 21:58:30 Job executing on host: <192.168.1.219:42259>
...
005 (1015091.000.000) 05/10 21:58:30 Job terminated.
	(1) Normal termination (return value 1)
		Usr 0 00:00:00, Sys 0 00:00:00  -  Run Remote Usage
		Usr 0 00:00:00, Sys 0 00:00:00  -  Run Local Usage
		Usr 0 00:00:00, Sys 0 00:00:00  -  Total Remote Usage
		Usr 0 00:00:00, Sys 0 00:00:00  -  Total Local Usage
	0  -  Run Bytes Sent By Job
	0  -  Run Bytes Received By Job
	0  -  Total Bytes Sent By Job
	0  -  Total Bytes Received By Job
...
000 (1015099.000.000) 05/10 22:17:08 Job submitted from host: <192.168.1.254:35795>
...
013 (1015099.000.000) 05/10 22:17:09 Job was released.
	via condor_release (by user condor)
...
001 (1015099.000.000) 05/10 22:17:35 Job executing on host: <192.168.1.219:42259>
...
005 (1015099.000.000) 05/10 22:17:35 Job terminated.
	(1) Normal termination (return value 1)
		Usr 0 00:00:00, Sys 0 00:00:00  -  Run Remote Usage
		Usr 0 00:00:00, Sys 0 00:00:00  -  Run Local Usage
		Usr 0 00:00:00, Sys 0 00:00:00  -  Total Remote Usage
		Usr 0 00:00:00, Sys 0 00:00:00  -  Total Local Usage
	0  -  Run Bytes Sent By Job
	0  -  Run Bytes Received By Job
	0  -  Total Bytes Sent By Job
	0  -  Total Bytes Received By Job
...
000 (1015737.000.000) 05/16 20:47:38 Job submitted from host: <192.168.1.254:38733>
...
013 (1015737.000.000) 05/16 20:47:47 Job was released.
	via condor_release (by user condor)
...
001 (1015737.000.000) 05/16 20:47:55 Job executing on host: <192.168.1.219:42259>
...
Job start: host=twqcd218, JOB_ID=1015737, GPU_ID=0, wdir=/home/cuda2025/B11901123/homeworks/HW1
005 (1015737.000.000) 05/16 20:47:58 Job terminated.
	(1) Normal termination (return value 0)
		Usr 0 00:00:00, Sys 0 00:00:00  -  Run Remote Usage
		Usr 0 00:00:00, Sys 0 00:00:00  -  Run Local Usage
		Usr 0 00:00:00, Sys 0 00:00:00  -  Total Remote Usage
		Usr 0 00:00:00, Sys 0 00:00:00  -  Total Local Usage
	0  -  Run Bytes Sent By Job
	0  -  Run Bytes Received By Job
	0  -  Total Bytes Sent By Job
	0  -  Total Bytes Received By Job
...
