000 (1015095.000.000) 05/10 22:13:45 Job submitted from host: <192.168.1.254:35795>
...
013 (1015095.000.000) 05/10 22:13:53 Job was released.
	via condor_release (by user condor)
...
001 (1015095.000.000) 05/10 22:14:17 Job executing on host: <192.168.1.219:42259>
...
005 (1015095.000.000) 05/10 22:14:18 Job terminated.
	(1) Normal termination (return value 1)
		Usr 0 00:00:00, Sys 0 00:00:00  -  Run Remote Usage
		Usr 0 00:00:00, Sys 0 00:00:00  -  Run Local Usage
		Usr 0 00:00:00, Sys 0 00:00:00  -  Total Remote Usage
		Usr 0 00:00:00, Sys 0 00:00:00  -  Total Local Usage
	0  -  Run Bytes Sent By Job
	0  -  Run Bytes Received By Job
	0  -  Total Bytes Sent By Job
	0  -  Total Bytes Received By Job
...
000 (1015103.000.000) 05/10 22:40:34 Job submitted from host: <192.168.1.254:35795>
...
013 (1015103.000.000) 05/10 22:40:42 Job was released.
	via condor_release (by user condor)
...
001 (1015103.000.000) 05/10 22:41:01 Job executing on host: <192.168.1.219:42259>
...
Job start: host=twqcd218, JOB_ID=1015103, GPU_ID=0, wdir=/home/cuda2025/B11901123/homeworks/HW2
005 (1015103.000.000) 05/10 22:41:03 Job terminated.
	(1) Normal termination (return value 0)
		Usr 0 00:00:00, Sys 0 00:00:00  -  Run Remote Usage
		Usr 0 00:00:00, Sys 0 00:00:00  -  Run Local Usage
		Usr 0 00:00:00, Sys 0 00:00:00  -  Total Remote Usage
		Usr 0 00:00:00, Sys 0 00:00:00  -  Total Local Usage
	0  -  Run Bytes Sent By Job
	0  -  Run Bytes Received By Job
	0  -  Total Bytes Sent By Job
	0  -  Total Bytes Received By Job
...
000 (1015104.000.000) 05/10 22:41:04 Job submitted from host: <192.168.1.254:35795>
...
013 (1015104.000.000) 05/10 22:41:13 Job was released.
	via condor_release (by user condor)
...
000 (1015105.000.000) 05/10 22:41:24 Job submitted from host: <192.168.1.254:35795>
...
001 (1015104.000.000) 05/10 22:41:24 Job executing on host: <192.168.1.219:42259>
...
Job start: host=twqcd218, JOB_ID=1015104, GPU_ID=0, wdir=/home/cuda2025/B11901123/homeworks/HW2
005 (1015104.000.000) 05/10 22:41:25 Job terminated.
	(1) Normal termination (return value 0)
		Usr 0 00:00:00, Sys 0 00:00:00  -  Run Remote Usage
		Usr 0 00:00:00, Sys 0 00:00:00  -  Run Local Usage
		Usr 0 00:00:00, Sys 0 00:00:00  -  Total Remote Usage
		Usr 0 00:00:00, Sys 0 00:00:00  -  Total Local Usage
	0  -  Run Bytes Sent By Job
	0  -  Run Bytes Received By Job
	0  -  Total Bytes Sent By Job
	0  -  Total Bytes Received By Job
...
013 (1015105.000.000) 05/10 22:41:33 Job was released.
	via condor_release (by user condor)
...
001 (1015105.000.000) 05/10 22:41:45 Job executing on host: <192.168.1.219:42259>
...
Job start: host=twqcd218, JOB_ID=1015105, GPU_ID=0, wdir=/home/cuda2025/B11901123/homeworks/HW2
005 (1015105.000.000) 05/10 22:41:47 Job terminated.
	(1) Normal termination (return value 0)
		Usr 0 00:00:00, Sys 0 00:00:00  -  Run Remote Usage
		Usr 0 00:00:00, Sys 0 00:00:00  -  Run Local Usage
		Usr 0 00:00:00, Sys 0 00:00:00  -  Total Remote Usage
		Usr 0 00:00:00, Sys 0 00:00:00  -  Total Local Usage
	0  -  Run Bytes Sent By Job
	0  -  Run Bytes Received By Job
	0  -  Total Bytes Sent By Job
	0  -  Total Bytes Received By Job
...
000 (1015106.000.000) 05/10 22:42:05 Job submitted from host: <192.168.1.254:35795>
...
013 (1015106.000.000) 05/10 22:42:15 Job was released.
	via condor_release (by user condor)
...
000 (1015107.000.000) 05/10 22:42:20 Job submitted from host: <192.168.1.254:35795>
...
001 (1015106.000.000) 05/10 22:42:31 Job executing on host: <192.168.1.219:42259>
...
Job start: host=twqcd218, JOB_ID=1015106, GPU_ID=0, wdir=/home/cuda2025/B11901123/homeworks/HW2
005 (1015106.000.000) 05/10 22:42:33 Job terminated.
	(1) Normal termination (return value 0)
		Usr 0 00:00:00, Sys 0 00:00:00  -  Run Remote Usage
		Usr 0 00:00:00, Sys 0 00:00:00  -  Run Local Usage
		Usr 0 00:00:00, Sys 0 00:00:00  -  Total Remote Usage
		Usr 0 00:00:00, Sys 0 00:00:00  -  Total Local Usage
	0  -  Run Bytes Sent By Job
	0  -  Run Bytes Received By Job
	0  -  Total Bytes Sent By Job
	0  -  Total Bytes Received By Job
...
013 (1015107.000.000) 05/10 22:42:36 Job was released.
	via condor_release (by user condor)
...
001 (1015107.000.000) 05/10 22:42:53 Job executing on host: <192.168.1.219:42259>
...
Job start: host=twqcd218, JOB_ID=1015107, GPU_ID=0, wdir=/home/cuda2025/B11901123/homeworks/HW2
005 (1015107.000.000) 05/10 22:42:54 Job terminated.
	(1) Normal termination (return value 0)
		Usr 0 00:00:00, Sys 0 00:00:00  -  Run Remote Usage
		Usr 0 00:00:00, Sys 0 00:00:00  -  Run Local Usage
		Usr 0 00:00:00, Sys 0 00:00:00  -  Total Remote Usage
		Usr 0 00:00:00, Sys 0 00:00:00  -  Total Local Usage
	0  -  Run Bytes Sent By Job
	0  -  Run Bytes Received By Job
	0  -  Total Bytes Sent By Job
	0  -  Total Bytes Received By Job
...
000 (1015108.000.000) 05/10 22:42:59 Job submitted from host: <192.168.1.254:35795>
...
013 (1015108.000.000) 05/10 22:43:07 Job was released.
	via condor_release (by user condor)
...
001 (1015108.000.000) 05/10 22:43:15 Job executing on host: <192.168.1.219:42259>
...
Job start: host=twqcd218, JOB_ID=1015108, GPU_ID=0, wdir=/home/cuda2025/B11901123/homeworks/HW2
005 (1015108.000.000) 05/10 22:43:16 Job terminated.
	(1) Normal termination (return value 0)
		Usr 0 00:00:00, Sys 0 00:00:00  -  Run Remote Usage
		Usr 0 00:00:00, Sys 0 00:00:00  -  Run Local Usage
		Usr 0 00:00:00, Sys 0 00:00:00  -  Total Remote Usage
		Usr 0 00:00:00, Sys 0 00:00:00  -  Total Local Usage
	0  -  Run Bytes Sent By Job
	0  -  Run Bytes Received By Job
	0  -  Total Bytes Sent By Job
	0  -  Total Bytes Received By Job
...
000 (1015109.000.000) 05/10 22:43:25 Job submitted from host: <192.168.1.254:35795>
...
013 (1015109.000.000) 05/10 22:43:28 Job was released.
	via condor_release (by user condor)
...
001 (1015109.000.000) 05/10 22:43:37 Job executing on host: <192.168.1.219:42259>
...
Job start: host=twqcd218, JOB_ID=1015109, GPU_ID=0, wdir=/home/cuda2025/B11901123/homeworks/HW2
005 (1015109.000.000) 05/10 22:43:38 Job terminated.
	(1) Normal termination (return value 0)
		Usr 0 00:00:00, Sys 0 00:00:00  -  Run Remote Usage
		Usr 0 00:00:00, Sys 0 00:00:00  -  Run Local Usage
		Usr 0 00:00:00, Sys 0 00:00:00  -  Total Remote Usage
		Usr 0 00:00:00, Sys 0 00:00:00  -  Total Local Usage
	0  -  Run Bytes Sent By Job
	0  -  Run Bytes Received By Job
	0  -  Total Bytes Sent By Job
	0  -  Total Bytes Received By Job
...
000 (1015110.000.000) 05/10 22:44:15 Job submitted from host: <192.168.1.254:35795>
...
013 (1015110.000.000) 05/10 22:44:19 Job was released.
	via condor_release (by user condor)
...
000 (1015111.000.000) 05/10 22:44:35 Job submitted from host: <192.168.1.254:35795>
...
001 (1015110.000.000) 05/10 22:44:41 Job executing on host: <192.168.1.219:42259>
...
Job start: host=twqcd218, JOB_ID=1015110, GPU_ID=0, wdir=/home/cuda2025/B11901123/homeworks/HW2
005 (1015110.000.000) 05/10 22:44:42 Job terminated.
	(1) Normal termination (return value 0)
		Usr 0 00:00:00, Sys 0 00:00:00  -  Run Remote Usage
		Usr 0 00:00:00, Sys 0 00:00:00  -  Run Local Usage
		Usr 0 00:00:00, Sys 0 00:00:00  -  Total Remote Usage
		Usr 0 00:00:00, Sys 0 00:00:00  -  Total Local Usage
	0  -  Run Bytes Sent By Job
	0  -  Run Bytes Received By Job
	0  -  Total Bytes Sent By Job
	0  -  Total Bytes Received By Job
...
013 (1015111.000.000) 05/10 22:44:50 Job was released.
	via condor_release (by user condor)
...
000 (1015112.000.000) 05/10 22:44:57 Job submitted from host: <192.168.1.254:35795>
...
001 (1015111.000.000) 05/10 22:45:04 Job executing on host: <192.168.1.219:42259>
...
Job start: host=twqcd218, JOB_ID=1015111, GPU_ID=0, wdir=/home/cuda2025/B11901123/homeworks/HW2
005 (1015111.000.000) 05/10 22:45:05 Job terminated.
	(1) Normal termination (return value 0)
		Usr 0 00:00:00, Sys 0 00:00:00  -  Run Remote Usage
		Usr 0 00:00:00, Sys 0 00:00:00  -  Run Local Usage
		Usr 0 00:00:00, Sys 0 00:00:00  -  Total Remote Usage
		Usr 0 00:00:00, Sys 0 00:00:00  -  Total Local Usage
	0  -  Run Bytes Sent By Job
	0  -  Run Bytes Received By Job
	0  -  Total Bytes Sent By Job
	0  -  Total Bytes Received By Job
...
013 (1015112.000.000) 05/10 22:45:11 Job was released.
	via condor_release (by user condor)
...
001 (1015112.000.000) 05/10 22:45:26 Job executing on host: <192.168.1.219:42259>
...
Job start: host=twqcd218, JOB_ID=1015112, GPU_ID=0, wdir=/home/cuda2025/B11901123/homeworks/HW2
005 (1015112.000.000) 05/10 22:45:28 Job terminated.
	(1) Normal termination (return value 0)
		Usr 0 00:00:00, Sys 0 00:00:00  -  Run Remote Usage
		Usr 0 00:00:00, Sys 0 00:00:00  -  Run Local Usage
		Usr 0 00:00:00, Sys 0 00:00:00  -  Total Remote Usage
		Usr 0 00:00:00, Sys 0 00:00:00  -  Total Local Usage
	0  -  Run Bytes Sent By Job
	0  -  Run Bytes Received By Job
	0  -  Total Bytes Sent By Job
	0  -  Total Bytes Received By Job
...
000 (1015113.000.000) 05/10 22:45:51 Job submitted from host: <192.168.1.254:35795>
...
013 (1015113.000.000) 05/10 22:45:53 Job was released.
	via condor_release (by user condor)
...
001 (1015113.000.000) 05/10 22:46:11 Job executing on host: <192.168.1.219:42259>
...
Job start: host=twqcd218, JOB_ID=1015113, GPU_ID=0, wdir=/home/cuda2025/B11901123/homeworks/HW2
005 (1015113.000.000) 05/10 22:46:13 Job terminated.
	(1) Normal termination (return value 0)
		Usr 0 00:00:00, Sys 0 00:00:00  -  Run Remote Usage
		Usr 0 00:00:00, Sys 0 00:00:00  -  Run Local Usage
		Usr 0 00:00:00, Sys 0 00:00:00  -  Total Remote Usage
		Usr 0 00:00:00, Sys 0 00:00:00  -  Total Local Usage
	0  -  Run Bytes Sent By Job
	0  -  Run Bytes Received By Job
	0  -  Total Bytes Sent By Job
	0  -  Total Bytes Received By Job
...
000 (1015114.000.000) 05/10 22:46:50 Job submitted from host: <192.168.1.254:35795>
...
013 (1015114.000.000) 05/10 22:46:55 Job was released.
	via condor_release (by user condor)
...
001 (1015114.000.000) 05/10 22:47:15 Job executing on host: <192.168.1.219:42259>
...
Job start: host=twqcd218, JOB_ID=1015114, GPU_ID=0, wdir=/home/cuda2025/B11901123/homeworks/HW2
005 (1015114.000.000) 05/10 22:47:16 Job terminated.
	(1) Normal termination (return value 0)
		Usr 0 00:00:00, Sys 0 00:00:00  -  Run Remote Usage
		Usr 0 00:00:00, Sys 0 00:00:00  -  Run Local Usage
		Usr 0 00:00:00, Sys 0 00:00:00  -  Total Remote Usage
		Usr 0 00:00:00, Sys 0 00:00:00  -  Total Local Usage
	0  -  Run Bytes Sent By Job
	0  -  Run Bytes Received By Job
	0  -  Total Bytes Sent By Job
	0  -  Total Bytes Received By Job
...
000 (1015115.000.000) 05/10 22:53:17 Job submitted from host: <192.168.1.254:35795>
...
013 (1015115.000.000) 05/10 22:53:26 Job was released.
	via condor_release (by user condor)
...
001 (1015115.000.000) 05/10 22:53:47 Job executing on host: <192.168.1.219:42259>
...
Job start: host=twqcd218, JOB_ID=1015115, GPU_ID=0, wdir=/home/cuda2025/B11901123/homeworks/HW2
005 (1015115.000.000) 05/10 22:53:48 Job terminated.
	(1) Normal termination (return value 0)
		Usr 0 00:00:00, Sys 0 00:00:00  -  Run Remote Usage
		Usr 0 00:00:00, Sys 0 00:00:00  -  Run Local Usage
		Usr 0 00:00:00, Sys 0 00:00:00  -  Total Remote Usage
		Usr 0 00:00:00, Sys 0 00:00:00  -  Total Local Usage
	0  -  Run Bytes Sent By Job
	0  -  Run Bytes Received By Job
	0  -  Total Bytes Sent By Job
	0  -  Total Bytes Received By Job
...
000 (1015116.000.000) 05/10 23:02:40 Job submitted from host: <192.168.1.254:35795>
...
013 (1015116.000.000) 05/10 23:02:43 Job was released.
	via condor_release (by user condor)
...
001 (1015116.000.000) 05/10 23:03:06 Job executing on host: <192.168.1.219:42259>
...
Job start: host=twqcd218, JOB_ID=1015116, GPU_ID=0, wdir=/home/cuda2025/B11901123/homeworks/HW2
005 (1015116.000.000) 05/10 23:03:08 Job terminated.
	(1) Normal termination (return value 0)
		Usr 0 00:00:00, Sys 0 00:00:00  -  Run Remote Usage
		Usr 0 00:00:00, Sys 0 00:00:00  -  Run Local Usage
		Usr 0 00:00:00, Sys 0 00:00:00  -  Total Remote Usage
		Usr 0 00:00:00, Sys 0 00:00:00  -  Total Local Usage
	0  -  Run Bytes Sent By Job
	0  -  Run Bytes Received By Job
	0  -  Total Bytes Sent By Job
	0  -  Total Bytes Received By Job
...
000 (1015117.000.000) 05/10 23:04:32 Job submitted from host: <192.168.1.254:35795>
...
013 (1015117.000.000) 05/10 23:04:36 Job was released.
	via condor_release (by user condor)
...
001 (1015117.000.000) 05/10 23:05:00 Job executing on host: <192.168.1.219:42259>
...
Job start: host=twqcd218, JOB_ID=1015117, GPU_ID=0, wdir=/home/cuda2025/B11901123/homeworks/HW2
005 (1015117.000.000) 05/10 23:05:02 Job terminated.
	(1) Normal termination (return value 0)
		Usr 0 00:00:00, Sys 0 00:00:00  -  Run Remote Usage
		Usr 0 00:00:00, Sys 0 00:00:00  -  Run Local Usage
		Usr 0 00:00:00, Sys 0 00:00:00  -  Total Remote Usage
		Usr 0 00:00:00, Sys 0 00:00:00  -  Total Local Usage
	0  -  Run Bytes Sent By Job
	0  -  Run Bytes Received By Job
	0  -  Total Bytes Sent By Job
	0  -  Total Bytes Received By Job
...
000 (1015118.000.000) 05/10 23:06:03 Job submitted from host: <192.168.1.254:35795>
...
013 (1015118.000.000) 05/10 23:06:09 Job was released.
	via condor_release (by user condor)
...
001 (1015118.000.000) 05/10 23:06:25 Job executing on host: <192.168.1.219:42259>
...
Job start: host=twqcd218, JOB_ID=1015118, GPU_ID=0, wdir=/home/cuda2025/B11901123/homeworks/HW2
005 (1015118.000.000) 05/10 23:06:27 Job terminated.
	(1) Normal termination (return value 0)
		Usr 0 00:00:00, Sys 0 00:00:00  -  Run Remote Usage
		Usr 0 00:00:00, Sys 0 00:00:00  -  Run Local Usage
		Usr 0 00:00:00, Sys 0 00:00:00  -  Total Remote Usage
		Usr 0 00:00:00, Sys 0 00:00:00  -  Total Local Usage
	0  -  Run Bytes Sent By Job
	0  -  Run Bytes Received By Job
	0  -  Total Bytes Sent By Job
	0  -  Total Bytes Received By Job
...
000 (1015119.000.000) 05/10 23:08:45 Job submitted from host: <192.168.1.254:35795>
...
013 (1015119.000.000) 05/10 23:08:54 Job was released.
	via condor_release (by user condor)
...
001 (1015119.000.000) 05/10 23:09:14 Job executing on host: <192.168.1.219:42259>
...
Job start: host=twqcd218, JOB_ID=1015119, GPU_ID=0, wdir=/home/cuda2025/B11901123/homeworks/HW2
005 (1015119.000.000) 05/10 23:09:15 Job terminated.
	(1) Normal termination (return value 0)
		Usr 0 00:00:00, Sys 0 00:00:00  -  Run Remote Usage
		Usr 0 00:00:00, Sys 0 00:00:00  -  Run Local Usage
		Usr 0 00:00:00, Sys 0 00:00:00  -  Total Remote Usage
		Usr 0 00:00:00, Sys 0 00:00:00  -  Total Local Usage
	0  -  Run Bytes Sent By Job
	0  -  Run Bytes Received By Job
	0  -  Total Bytes Sent By Job
	0  -  Total Bytes Received By Job
...
000 (1015121.000.000) 05/10 23:12:28 Job submitted from host: <192.168.1.254:35795>
...
013 (1015121.000.000) 05/10 23:12:31 Job was released.
	via condor_release (by user condor)
...
001 (1015121.000.000) 05/10 23:12:58 Job executing on host: <192.168.1.219:42259>
...
Job start: host=twqcd218, JOB_ID=1015121, GPU_ID=0, wdir=/home/cuda2025/B11901123/homeworks/HW2
005 (1015121.000.000) 05/10 23:12:59 Job terminated.
	(1) Normal termination (return value 0)
		Usr 0 00:00:00, Sys 0 00:00:00  -  Run Remote Usage
		Usr 0 00:00:00, Sys 0 00:00:00  -  Run Local Usage
		Usr 0 00:00:00, Sys 0 00:00:00  -  Total Remote Usage
		Usr 0 00:00:00, Sys 0 00:00:00  -  Total Local Usage
	0  -  Run Bytes Sent By Job
	0  -  Run Bytes Received By Job
	0  -  Total Bytes Sent By Job
	0  -  Total Bytes Received By Job
...
000 (1015122.000.000) 05/10 23:13:24 Job submitted from host: <192.168.1.254:35795>
...
013 (1015122.000.000) 05/10 23:13:33 Job was released.
	via condor_release (by user condor)
...
001 (1015122.000.000) 05/10 23:13:43 Job executing on host: <192.168.1.219:42259>
...
Job start: host=twqcd218, JOB_ID=1015122, GPU_ID=0, wdir=/home/cuda2025/B11901123/homeworks/HW2
005 (1015122.000.000) 05/10 23:13:45 Job terminated.
	(1) Normal termination (return value 0)
		Usr 0 00:00:00, Sys 0 00:00:00  -  Run Remote Usage
		Usr 0 00:00:00, Sys 0 00:00:00  -  Run Local Usage
		Usr 0 00:00:00, Sys 0 00:00:00  -  Total Remote Usage
		Usr 0 00:00:00, Sys 0 00:00:00  -  Total Local Usage
	0  -  Run Bytes Sent By Job
	0  -  Run Bytes Received By Job
	0  -  Total Bytes Sent By Job
	0  -  Total Bytes Received By Job
...
000 (1015124.000.000) 05/10 23:15:06 Job submitted from host: <192.168.1.254:35795>
...
013 (1015124.000.000) 05/10 23:15:06 Job was released.
	via condor_release (by user condor)
...
001 (1015124.000.000) 05/10 23:15:36 Job executing on host: <192.168.1.219:42259>
...
Job start: host=twqcd218, JOB_ID=1015124, GPU_ID=0, wdir=/home/cuda2025/B11901123/homeworks/HW2
005 (1015124.000.000) 05/10 23:15:37 Job terminated.
	(1) Normal termination (return value 0)
		Usr 0 00:00:00, Sys 0 00:00:00  -  Run Remote Usage
		Usr 0 00:00:00, Sys 0 00:00:00  -  Run Local Usage
		Usr 0 00:00:00, Sys 0 00:00:00  -  Total Remote Usage
		Usr 0 00:00:00, Sys 0 00:00:00  -  Total Local Usage
	0  -  Run Bytes Sent By Job
	0  -  Run Bytes Received By Job
	0  -  Total Bytes Sent By Job
	0  -  Total Bytes Received By Job
...
000 (1015125.000.000) 05/10 23:18:37 Job submitted from host: <192.168.1.254:35795>
...
013 (1015125.000.000) 05/10 23:18:43 Job was released.
	via condor_release (by user condor)
...
000 (1015126.000.000) 05/10 23:18:57 Job submitted from host: <192.168.1.254:35795>
...
001 (1015125.000.000) 05/10 23:19:06 Job executing on host: <192.168.1.219:42259>
...
Job start: host=twqcd218, JOB_ID=1015125, GPU_ID=0, wdir=/home/cuda2025/B11901123/homeworks/HW2
005 (1015125.000.000) 05/10 23:19:08 Job terminated.
	(1) Normal termination (return value 0)
		Usr 0 00:00:00, Sys 0 00:00:00  -  Run Remote Usage
		Usr 0 00:00:00, Sys 0 00:00:00  -  Run Local Usage
		Usr 0 00:00:00, Sys 0 00:00:00  -  Total Remote Usage
		Usr 0 00:00:00, Sys 0 00:00:00  -  Total Local Usage
	0  -  Run Bytes Sent By Job
	0  -  Run Bytes Received By Job
	0  -  Total Bytes Sent By Job
	0  -  Total Bytes Received By Job
...
013 (1015126.000.000) 05/10 23:19:14 Job was released.
	via condor_release (by user condor)
...
001 (1015126.000.000) 05/10 23:19:29 Job executing on host: <192.168.1.219:42259>
...
Job start: host=twqcd218, JOB_ID=1015126, GPU_ID=0, wdir=/home/cuda2025/B11901123/homeworks/HW2
005 (1015126.000.000) 05/10 23:19:30 Job terminated.
	(1) Normal termination (return value 0)
		Usr 0 00:00:00, Sys 0 00:00:00  -  Run Remote Usage
		Usr 0 00:00:00, Sys 0 00:00:00  -  Run Local Usage
		Usr 0 00:00:00, Sys 0 00:00:00  -  Total Remote Usage
		Usr 0 00:00:00, Sys 0 00:00:00  -  Total Local Usage
	0  -  Run Bytes Sent By Job
	0  -  Run Bytes Received By Job
	0  -  Total Bytes Sent By Job
	0  -  Total Bytes Received By Job
...
000 (1015127.000.000) 05/10 23:19:44 Job submitted from host: <192.168.1.254:35795>
...
013 (1015127.000.000) 05/10 23:19:45 Job was released.
	via condor_release (by user condor)
...
000 (1015128.000.000) 05/10 23:20:11 Job submitted from host: <192.168.1.254:35795>
...
001 (1015127.000.000) 05/10 23:20:14 Job executing on host: <192.168.1.219:42259>
...
Job start: host=twqcd218, JOB_ID=1015127, GPU_ID=0, wdir=/home/cuda2025/B11901123/homeworks/HW2
005 (1015127.000.000) 05/10 23:20:15 Job terminated.
	(1) Normal termination (return value 0)
		Usr 0 00:00:00, Sys 0 00:00:00  -  Run Remote Usage
		Usr 0 00:00:00, Sys 0 00:00:00  -  Run Local Usage
		Usr 0 00:00:00, Sys 0 00:00:00  -  Total Remote Usage
		Usr 0 00:00:00, Sys 0 00:00:00  -  Total Local Usage
	0  -  Run Bytes Sent By Job
	0  -  Run Bytes Received By Job
	0  -  Total Bytes Sent By Job
	0  -  Total Bytes Received By Job
...
013 (1015128.000.000) 05/10 23:20:16 Job was released.
	via condor_release (by user condor)
...
001 (1015128.000.000) 05/10 23:20:36 Job executing on host: <192.168.1.219:42259>
...
Job start: host=twqcd218, JOB_ID=1015128, GPU_ID=0, wdir=/home/cuda2025/B11901123/homeworks/HW2
005 (1015128.000.000) 05/10 23:20:38 Job terminated.
	(1) Normal termination (return value 0)
		Usr 0 00:00:00, Sys 0 00:00:00  -  Run Remote Usage
		Usr 0 00:00:00, Sys 0 00:00:00  -  Run Local Usage
		Usr 0 00:00:00, Sys 0 00:00:00  -  Total Remote Usage
		Usr 0 00:00:00, Sys 0 00:00:00  -  Total Local Usage
	0  -  Run Bytes Sent By Job
	0  -  Run Bytes Received By Job
	0  -  Total Bytes Sent By Job
	0  -  Total Bytes Received By Job
...
000 (1015129.000.000) 05/10 23:21:32 Job submitted from host: <192.168.1.254:35795>
...
013 (1015129.000.000) 05/10 23:21:39 Job was released.
	via condor_release (by user condor)
...
001 (1015129.000.000) 05/10 23:21:58 Job executing on host: <192.168.1.219:42259>
...
Job start: host=twqcd218, JOB_ID=1015129, GPU_ID=0, wdir=/home/cuda2025/B11901123/homeworks/HW2
000 (1015130.000.000) 05/10 23:21:59 Job submitted from host: <192.168.1.254:35795>
...
013 (1015130.000.000) 05/10 23:21:59 Job was released.
	via condor_release (by user condor)
...
005 (1015129.000.000) 05/10 23:22:00 Job terminated.
	(1) Normal termination (return value 0)
		Usr 0 00:00:00, Sys 0 00:00:00  -  Run Remote Usage
		Usr 0 00:00:00, Sys 0 00:00:00  -  Run Local Usage
		Usr 0 00:00:00, Sys 0 00:00:00  -  Total Remote Usage
		Usr 0 00:00:00, Sys 0 00:00:00  -  Total Local Usage
	0  -  Run Bytes Sent By Job
	0  -  Run Bytes Received By Job
	0  -  Total Bytes Sent By Job
	0  -  Total Bytes Received By Job
...
001 (1015130.000.000) 05/10 23:22:00 Job executing on host: <192.168.1.219:42259>
...
Job start: host=twqcd218, JOB_ID=1015130, GPU_ID=0, wdir=/home/cuda2025/B11901123/homeworks/HW2
005 (1015130.000.000) 05/10 23:22:02 Job terminated.
	(1) Normal termination (return value 0)
		Usr 0 00:00:00, Sys 0 00:00:00  -  Run Remote Usage
		Usr 0 00:00:00, Sys 0 00:00:00  -  Run Local Usage
		Usr 0 00:00:00, Sys 0 00:00:00  -  Total Remote Usage
		Usr 0 00:00:00, Sys 0 00:00:00  -  Total Local Usage
	0  -  Run Bytes Sent By Job
	0  -  Run Bytes Received By Job
	0  -  Total Bytes Sent By Job
	0  -  Total Bytes Received By Job
...
000 (1015131.000.000) 05/10 23:23:16 Job submitted from host: <192.168.1.254:35795>
...
013 (1015131.000.000) 05/10 23:23:22 Job was released.
	via condor_release (by user condor)
...
001 (1015131.000.000) 05/10 23:23:28 Job executing on host: <192.168.1.219:42259>
...
Job start: host=twqcd218, JOB_ID=1015131, GPU_ID=0, wdir=/home/cuda2025/B11901123/homeworks/HW2
005 (1015131.000.000) 05/10 23:23:30 Job terminated.
	(1) Normal termination (return value 0)
		Usr 0 00:00:00, Sys 0 00:00:00  -  Run Remote Usage
		Usr 0 00:00:00, Sys 0 00:00:00  -  Run Local Usage
		Usr 0 00:00:00, Sys 0 00:00:00  -  Total Remote Usage
		Usr 0 00:00:00, Sys 0 00:00:00  -  Total Local Usage
	0  -  Run Bytes Sent By Job
	0  -  Run Bytes Received By Job
	0  -  Total Bytes Sent By Job
	0  -  Total Bytes Received By Job
...
000 (1015132.000.000) 05/10 23:23:39 Job submitted from host: <192.168.1.254:35795>
...
013 (1015132.000.000) 05/10 23:23:43 Job was released.
	via condor_release (by user condor)
...
001 (1015132.000.000) 05/10 23:23:51 Job executing on host: <192.168.1.219:42259>
...
Job start: host=twqcd218, JOB_ID=1015132, GPU_ID=0, wdir=/home/cuda2025/B11901123/homeworks/HW2
005 (1015132.000.000) 05/10 23:23:53 Job terminated.
	(1) Normal termination (return value 0)
		Usr 0 00:00:00, Sys 0 00:00:00  -  Run Remote Usage
		Usr 0 00:00:00, Sys 0 00:00:00  -  Run Local Usage
		Usr 0 00:00:00, Sys 0 00:00:00  -  Total Remote Usage
		Usr 0 00:00:00, Sys 0 00:00:00  -  Total Local Usage
	0  -  Run Bytes Sent By Job
	0  -  Run Bytes Received By Job
	0  -  Total Bytes Sent By Job
	0  -  Total Bytes Received By Job
...
000 (1015133.000.000) 05/10 23:23:55 Job submitted from host: <192.168.1.254:35795>
...
013 (1015133.000.000) 05/10 23:24:04 Job was released.
	via condor_release (by user condor)
...
001 (1015133.000.000) 05/10 23:24:14 Job executing on host: <192.168.1.219:42259>
...
Job start: host=twqcd218, JOB_ID=1015133, GPU_ID=0, wdir=/home/cuda2025/B11901123/homeworks/HW2
005 (1015133.000.000) 05/10 23:24:16 Job terminated.
	(1) Normal termination (return value 0)
		Usr 0 00:00:00, Sys 0 00:00:00  -  Run Remote Usage
		Usr 0 00:00:00, Sys 0 00:00:00  -  Run Local Usage
		Usr 0 00:00:00, Sys 0 00:00:00  -  Total Remote Usage
		Usr 0 00:00:00, Sys 0 00:00:00  -  Total Local Usage
	0  -  Run Bytes Sent By Job
	0  -  Run Bytes Received By Job
	0  -  Total Bytes Sent By Job
	0  -  Total Bytes Received By Job
...
000 (1015657.000.000) 05/15 13:41:32 Job submitted from host: <192.168.1.254:35795>
...
013 (1015657.000.000) 05/15 13:41:35 Job was released.
	via condor_release (by user condor)
...
001 (1015657.000.000) 05/15 13:41:53 Job executing on host: <192.168.1.219:42259>
...
Job start: host=twqcd218, JOB_ID=1015657, GPU_ID=0, wdir=/home/cuda2025/B11901123/homeworks/HW2
005 (1015657.000.000) 05/15 13:41:54 Job terminated.
	(1) Normal termination (return value 0)
		Usr 0 00:00:00, Sys 0 00:00:00  -  Run Remote Usage
		Usr 0 00:00:00, Sys 0 00:00:00  -  Run Local Usage
		Usr 0 00:00:00, Sys 0 00:00:00  -  Total Remote Usage
		Usr 0 00:00:00, Sys 0 00:00:00  -  Total Local Usage
	0  -  Run Bytes Sent By Job
	0  -  Run Bytes Received By Job
	0  -  Total Bytes Sent By Job
	0  -  Total Bytes Received By Job
...
000 (1015736.000.000) 05/16 20:45:01 Job submitted from host: <192.168.1.254:38733>
...
013 (1015736.000.000) 05/16 20:45:02 Job was released.
	via condor_release (by user condor)
...
001 (1015736.000.000) 05/16 20:45:27 Job executing on host: <192.168.1.219:42259>
...
Job start: host=twqcd218, JOB_ID=1015736, GPU_ID=0, wdir=/home/cuda2025/B11901123/homeworks/HW2
005 (1015736.000.000) 05/16 20:45:29 Job terminated.
	(1) Normal termination (return value 0)
		Usr 0 00:00:00, Sys 0 00:00:00  -  Run Remote Usage
		Usr 0 00:00:00, Sys 0 00:00:00  -  Run Local Usage
		Usr 0 00:00:00, Sys 0 00:00:00  -  Total Remote Usage
		Usr 0 00:00:00, Sys 0 00:00:00  -  Total Local Usage
	0  -  Run Bytes Sent By Job
	0  -  Run Bytes Received By Job
	0  -  Total Bytes Sent By Job
	0  -  Total Bytes Received By Job
...
